<?xml version="1.0" encoding="UTF-8"?>
<coverage generated="1782922704648" clover="3.2.0">
  <project timestamp="1782922704648" name="All files">
    <metrics statements="63" coveredstatements="61" conditionals="62" coveredconditionals="44" methods="14" coveredmethods="13" elements="139" coveredelements="118" complexity="0" loc="63" ncloc="63" packages="5" files="6" classes="6"/>
    <package name="src.gifs.actions">
      <metrics statements="11" coveredstatements="11" conditionals="2" coveredconditionals="2" methods="2" coveredmethods="2"/>
      <file name="get-gifs-by-query.action.ts" path="C:\proyectos\Curso-Udemy-React-cero-experto\03-gifs-app\src\gifs\actions\get-gifs-by-query.action.ts">
        <metrics statements="11" coveredstatements="11" conditionals="2" coveredconditionals="2" methods="2" coveredmethods="2"/>
        <line num="6" count="2" type="stmt"/>
        <line num="9" count="15" type="cond" truecount="2" falsecount="0"/>
        <line num="10" count="1" type="stmt"/>
        <line num="15" count="14" type="stmt"/>
        <line num="17" count="14" type="stmt"/>
        <line num="26" count="13" type="stmt"/>
        <line num="27" count="13" type="stmt"/>
        <line num="29" count="13" type="stmt"/>
        <line num="30" count="130" type="stmt"/>
        <line num="41" count="1" type="stmt"/>
        <line num="42" count="1" type="stmt"/>
      </file>
    </package>
    <package name="src.gifs.api">
      <metrics statements="1" coveredstatements="1" conditionals="0" coveredconditionals="0" methods="0" coveredmethods="0"/>
      <file name="giphy.api.ts" path="C:\proyectos\Curso-Udemy-React-cero-experto\03-gifs-app\src\gifs\api\giphy.api.ts">
        <metrics statements="1" coveredstatements="1" conditionals="0" coveredconditionals="0" methods="0" coveredmethods="0"/>
        <line num="5" count="3" type="stmt"/>
      </file>
    </package>
    <package name="src.gifs.hooks">
      <metrics statements="23" coveredstatements="23" conditionals="23" coveredconditionals="20" methods="4" coveredmethods="4"/>
      <file name="useGifs.tsx" path="C:\proyectos\Curso-Udemy-React-cero-experto\03-gifs-app\src\gifs\hooks\useGifs.tsx">
        <metrics statements="23" coveredstatements="23" conditionals="23" coveredconditionals="20" methods="4" coveredmethods="4"/>
        <line num="7" count="20" type="cond" truecount="2" falsecount="0"/>
        <line num="9" count="20" type="cond" truecount="2" falsecount="0"/>
        <line num="10" count="20" type="cond" truecount="2" falsecount="0"/>
        <line num="12" count="20" type="cond" truecount="2" falsecount="0"/>
        <line num="16" count="20" type="stmt"/>
        <line num="22" count="3" type="stmt"/>
        <line num="24" count="3" type="cond" truecount="2" falsecount="0"/>
        <line num="25" count="1" type="stmt"/>
        <line num="29" count="2" type="stmt"/>
        <line num="30" count="2" type="stmt"/>
        <line num="33" count="2" type="stmt"/>
        <line num="35" count="20" type="cond" truecount="2" falsecount="0"/>
        <line num="38" count="20" type="cond" truecount="1" falsecount="1"/>
        <line num="40" count="19" type="stmt"/>
        <line num="43" count="19" type="cond" truecount="1" falsecount="1"/>
        <line num="46" count="19" type="cond" truecount="1" falsecount="1"/>
        <line num="50" count="19" type="stmt"/>
        <line num="52" count="19" type="stmt"/>
        <line num="54" count="19" type="stmt"/>
        <line num="59" count="19" type="stmt"/>
        <line num="62" count="20" type="cond" truecount="5" falsecount="0"/>
        <line num="65" count="19" type="stmt"/>
        <line num="70" count="20" type="stmt"/>
      </file>
    </package>
    <package name="src.shared.components">
      <metrics statements="27" coveredstatements="25" conditionals="37" coveredconditionals="22" methods="8" coveredmethods="7"/>
      <file name="CustomHeader.tsx" path="C:\proyectos\Curso-Udemy-React-cero-experto\03-gifs-app\src\shared\components\CustomHeader.tsx">
        <metrics statements="5" coveredstatements="5" conditionals="10" coveredconditionals="6" methods="1" coveredmethods="1"/>
        <line num="7" count="3" type="cond" truecount="1" falsecount="1"/>
        <line num="9" count="3" type="stmt"/>
        <line num="13" count="3" type="cond" truecount="1" falsecount="1"/>
        <line num="14" count="3" type="cond" truecount="4" falsecount="2"/>
        <line num="16" count="3" type="stmt"/>
      </file>
      <file name="SearchBar.tsx" path="C:\proyectos\Curso-Udemy-React-cero-experto\03-gifs-app\src\shared\components\SearchBar.tsx">
        <metrics statements="22" coveredstatements="20" conditionals="27" coveredconditionals="16" methods="7" coveredmethods="6"/>
        <line num="8" count="11" type="cond" truecount="2" falsecount="0"/>
        <line num="12" count="11" type="cond" truecount="3" falsecount="1"/>
        <line num="15" count="11" type="stmt"/>
        <line num="17" count="11" type="stmt"/>
        <line num="18" count="2" type="stmt"/>
        <line num="19" count="11" type="stmt"/>
        <line num="22" count="11" type="stmt"/>
        <line num="25" count="11" type="cond" truecount="3" falsecount="1"/>
        <line num="28" count="11" type="stmt"/>
        <line num="30" count="1" type="stmt"/>
        <line num="33" count="1" type="stmt"/>
        <line num="34" count="11" type="cond" truecount="1" falsecount="1"/>
        <line num="35" count="11" type="stmt"/>
        <line num="36" count="0" type="cond" truecount="0" falsecount="2"/>
        <line num="37" count="0" type="stmt"/>
        <line num="39" count="11" type="cond" truecount="2" falsecount="0"/>
        <line num="42" count="11" type="stmt"/>
        <line num="46" count="11" type="stmt"/>
        <line num="50" count="11" type="cond" truecount="2" falsecount="3"/>
        <line num="52" count="11" type="cond" truecount="1" falsecount="1"/>
        <line num="53" count="11" type="cond" truecount="2" falsecount="2"/>
        <line num="56" count="11" type="stmt"/>
      </file>
    </package>
    <package name="tests.mocks">
      <metrics statements="1" coveredstatements="1" conditionals="0" coveredconditionals="0" methods="0" coveredmethods="0"/>
      <file name="giphy.response.data.ts" path="C:\proyectos\Curso-Udemy-React-cero-experto\03-gifs-app\tests\mocks\giphy.response.data.ts">
        <metrics statements="1" coveredstatements="1" conditionals="0" coveredconditionals="0" methods="0" coveredmethods="0"/>
        <line num="1" count="1" type="stmt"/>
      </file>
    </package>
  </project>
</coverage>
