{"C:\\proyectos\\Curso-Udemy-React-cero-experto\\03-gifs-app\\src\\gifs\\actions\\get-gifs-by-query.action.ts": {"path":"C:\\proyectos\\Curso-Udemy-React-cero-experto\\03-gifs-app\\src\\gifs\\actions\\get-gifs-by-query.action.ts","statementMap":{"0":{"start":{"line":6,"column":30},"end":{"line":42,"column":null}},"1":{"start":{"line":9,"column":8},"end":{"line":10,"column":null}},"2":{"start":{"line":10,"column":12},"end":{"line":10,"column":null}},"3":{"start":{"line":15,"column":4},"end":{"line":42,"column":null}},"4":{"start":{"line":17,"column":25},"end":{"line":24,"column":9}},"5":{"start":{"line":26,"column":8},"end":{"line":26,"column":null}},"6":{"start":{"line":27,"column":8},"end":{"line":27,"column":null}},"7":{"start":{"line":29,"column":8},"end":{"line":37,"column":null}},"8":{"start":{"line":30,"column":12},"end":{"line":36,"column":null}},"9":{"start":{"line":41,"column":8},"end":{"line":41,"column":null}},"10":{"start":{"line":42,"column":8},"end":{"line":42,"column":null}}},"fnMap":{"0":{"name":"(anonymous_0)","decl":{"start":{"line":6,"column":30},"end":{"line":6,"column":36}},"loc":{"start":{"line":6,"column":67},"end":{"line":42,"column":null}},"line":6},"1":{"name":"(anonymous_1)","decl":{"start":{"line":29,"column":34},"end":{"line":29,"column":39}},"loc":{"start":{"line":30,"column":12},"end":{"line":36,"column":null}},"line":30}},"branchMap":{"0":{"loc":{"start":{"line":9,"column":8},"end":{"line":10,"column":null}},"type":"if","locations":[{"start":{"line":9,"column":8},"end":{"line":10,"column":null}},{"start":{},"end":{}}],"line":9}},"s":{"0":2,"1":15,"2":1,"3":14,"4":14,"5":13,"6":13,"7":13,"8":130,"9":1,"10":1},"f":{"0":15,"1":130},"b":{"0":[1,14]},"meta":{"lastBranch":1,"lastFunction":2,"lastStatement":11,"seen":{"s:6:30:42:Infinity":0,"f:6:30:6:36":0,"b:9:8:10:Infinity:undefined:undefined:undefined:undefined":0,"s:9:8:10:Infinity":1,"s:10:12:10:Infinity":2,"s:15:4:42:Infinity":3,"s:17:25:24:9":4,"s:26:8:26:Infinity":5,"s:27:8:27:Infinity":6,"s:29:8:37:Infinity":7,"f:29:34:29:39":1,"s:30:12:36:Infinity":8,"s:41:8:41:Infinity":9,"s:42:8:42:Infinity":10},"fnNames":{}}}
,"C:\\proyectos\\Curso-Udemy-React-cero-experto\\03-gifs-app\\src\\gifs\\api\\giphy.api.ts": {"path":"C:\\proyectos\\Curso-Udemy-React-cero-experto\\03-gifs-app\\src\\gifs\\api\\giphy.api.ts","statementMap":{"0":{"start":{"line":5,"column":24},"end":{"line":12,"column":1}}},"fnMap":{},"branchMap":{},"s":{"0":3},"f":{},"b":{},"meta":{"lastBranch":0,"lastFunction":0,"lastStatement":1,"seen":{"s:5:24:12:1":0},"fnNames":{}}}
,"C:\\proyectos\\Curso-Udemy-React-cero-experto\\03-gifs-app\\src\\gifs\\hooks\\useGifs.tsx": {"path":"C:\\proyectos\\Curso-Udemy-React-cero-experto\\03-gifs-app\\src\\gifs\\hooks\\useGifs.tsx","statementMap":{"0":{"start":{"line":7,"column":6},"end":{"line":65,"column":null}},"1":{"start":{"line":7,"column":16},"end":{"line":7,"column":null}},"2":{"start":{"line":7,"column":16},"end":{"line":9,"column":68}},"3":{"start":{"line":9,"column":65},"end":{"line":9,"column":68}},"4":{"start":{"line":9,"column":67},"end":{"line":9,"column":68}},"5":{"start":{"line":9,"column":4},"end":{"line":9,"column":67}},"6":{"start":{"line":9,"column":68},"end":{"line":10,"column":57}},"7":{"start":{"line":10,"column":54},"end":{"line":10,"column":57}},"8":{"start":{"line":10,"column":56},"end":{"line":10,"column":57}},"9":{"start":{"line":10,"column":4},"end":{"line":10,"column":56}},"10":{"start":{"line":10,"column":57},"end":{"line":12,"column":55}},"11":{"start":{"line":12,"column":52},"end":{"line":12,"column":55}},"12":{"start":{"line":12,"column":54},"end":{"line":12,"column":55}},"13":{"start":{"line":12,"column":4},"end":{"line":12,"column":54}},"14":{"start":{"line":12,"column":55},"end":{"line":35,"column":null}},"15":{"start":{"line":16,"column":32},"end":{"line":33,"column":null}},"16":{"start":{"line":22,"column":12},"end":{"line":22,"column":null}},"17":{"start":{"line":24,"column":12},"end":{"line":25,"column":null}},"18":{"start":{"line":25,"column":14},"end":{"line":25,"column":null}},"19":{"start":{"line":25,"column":51},"end":{"line":25,"column":null}},"20":{"start":{"line":29,"column":25},"end":{"line":29,"column":51}},"21":{"start":{"line":30,"column":12},"end":{"line":30,"column":null}},"22":{"start":{"line":33,"column":12},"end":{"line":33,"column":null}},"23":{"start":{"line":35,"column":7},"end":{"line":35,"column":null}},"24":{"start":{"line":16,"column":32},"end":{"line":16,"column":null}},"25":{"start":{"line":35,"column":7},"end":{"line":62,"column":null}},"26":{"start":{"line":38,"column":27},"end":{"line":59,"column":null}},"27":{"start":{"line":38,"column":33},"end":{"line":38,"column":null}},"28":{"start":{"line":40,"column":10},"end":{"line":40,"column":null}},"29":{"start":{"line":43,"column":10},"end":{"line":43,"column":null}},"30":{"start":{"line":43,"column":30},"end":{"line":43,"column":null}},"31":{"start":{"line":46,"column":10},"end":{"line":46,"column":null}},"32":{"start":{"line":46,"column":42},"end":{"line":46,"column":null}},"33":{"start":{"line":50,"column":10},"end":{"line":50,"column":null}},"34":{"start":{"line":50,"column":35},"end":{"line":50,"column":62}},"35":{"start":{"line":52,"column":23},"end":{"line":52,"column":50}},"36":{"start":{"line":54,"column":10},"end":{"line":54,"column":null}},"37":{"start":{"line":59,"column":12},"end":{"line":59,"column":null}},"38":{"start":{"line":62,"column":7},"end":{"line":62,"column":null}},"39":{"start":{"line":38,"column":27},"end":{"line":38,"column":33}},"40":{"start":{"line":62,"column":7},"end":{"line":70,"column":null}},"41":{"start":{"line":65,"column":9},"end":{"line":70,"column":null}},"42":{"start":{"line":70,"column":3},"end":{"line":70,"column":null}},"43":{"start":{"line":70,"column":3},"end":{"line":65,"column":null}}},"fnMap":{"0":{"name":"(anonymous_0)","decl":{"start":{"line":7,"column":6},"end":{"line":7,"column":16}},"loc":{"start":{"line":7,"column":16},"end":{"line":65,"column":null}},"line":7},"1":{"name":"(anonymous_1)","decl":{"start":{"line":16,"column":32},"end":{"line":16,"column":null}},"loc":{"start":{"line":16,"column":32},"end":{"line":33,"column":null}},"line":16},"2":{"name":"(anonymous_2)","decl":{"start":{"line":38,"column":27},"end":{"line":38,"column":33}},"loc":{"start":{"line":38,"column":27},"end":{"line":59,"column":null}},"line":38},"3":{"name":"(anonymous_3)","decl":{"start":{"line":50,"column":10},"end":{"line":50,"column":27}},"loc":{"start":{"line":50,"column":35},"end":{"line":50,"column":62}},"line":50}},"branchMap":{"0":{"loc":{"start":{"line":7,"column":16},"end":{"line":9,"column":68}},"type":"if","locations":[{"start":{"line":7,"column":16},"end":{"line":9,"column":68}},{"start":{"line":9,"column":67},"end":{"line":9,"column":68}}],"line":7},"1":{"loc":{"start":{"line":9,"column":68},"end":{"line":10,"column":57}},"type":"if","locations":[{"start":{"line":9,"column":68},"end":{"line":10,"column":57}},{"start":{"line":10,"column":56},"end":{"line":10,"column":57}}],"line":9},"2":{"loc":{"start":{"line":10,"column":57},"end":{"line":12,"column":55}},"type":"if","locations":[{"start":{"line":10,"column":57},"end":{"line":12,"column":55}},{"start":{"line":12,"column":54},"end":{"line":12,"column":55}}],"line":10},"3":{"loc":{"start":{"line":12,"column":55},"end":{"line":35,"column":null}},"type":"if","locations":[{"start":{"line":12,"column":55},"end":{"line":35,"column":null}},{"start":{"line":35,"column":7},"end":{"line":35,"column":null}}],"line":12},"4":{"loc":{"start":{"line":24,"column":12},"end":{"line":25,"column":null}},"type":"if","locations":[{"start":{"line":24,"column":12},"end":{"line":25,"column":null}},{"start":{},"end":{}}],"line":24},"5":{"loc":{"start":{"line":35,"column":7},"end":{"line":62,"column":null}},"type":"if","locations":[{"start":{"line":35,"column":7},"end":{"line":62,"column":null}},{"start":{"line":62,"column":7},"end":{"line":62,"column":null}}],"line":35},"6":{"loc":{"start":{"line":38,"column":33},"end":{"line":38,"column":null}},"type":"cond-expr","locations":[{"start":{"line":38,"column":33},"end":{"line":38,"column":null}},{"start":{"line":38,"column":33},"end":{"line":38,"column":null}}],"line":38},"7":{"loc":{"start":{"line":43,"column":10},"end":{"line":43,"column":null}},"type":"if","locations":[{"start":{"line":43,"column":10},"end":{"line":43,"column":null}},{"start":{},"end":{}}],"line":43},"8":{"loc":{"start":{"line":46,"column":10},"end":{"line":46,"column":null}},"type":"if","locations":[{"start":{"line":46,"column":10},"end":{"line":46,"column":null}},{"start":{},"end":{}}],"line":46},"9":{"loc":{"start":{"line":62,"column":7},"end":{"line":70,"column":null}},"type":"if","locations":[{"start":{"line":62,"column":7},"end":{"line":70,"column":null}},{"start":{"line":70,"column":3},"end":{"line":70,"column":null}}],"line":62},"10":{"loc":{"start":{"line":62,"column":7},"end":{"line":62,"column":null}},"type":"binary-expr","locations":[{"start":{"line":62,"column":7},"end":{"line":62,"column":null}},{"start":{"line":62,"column":7},"end":{"line":62,"column":null}},{"start":{"line":62,"column":7},"end":{"line":62,"column":null}}],"line":62}},"s":{"0":1,"1":20,"2":20,"3":6,"4":14,"5":20,"6":20,"7":6,"8":14,"9":20,"10":20,"11":6,"12":14,"13":20,"14":20,"15":6,"16":3,"17":3,"18":1,"19":1,"20":2,"21":2,"22":2,"23":14,"24":20,"25":20,"26":17,"27":19,"28":19,"29":19,"30":0,"31":19,"32":0,"33":19,"34":19,"35":19,"36":19,"37":19,"38":3,"39":20,"40":20,"41":19,"42":1,"43":20},"f":{"0":20,"1":3,"2":19,"3":19},"b":{"0":[6,14],"1":[6,14],"2":[6,14],"3":[6,14],"4":[1,2],"5":[17,3],"6":[0,19],"7":[0,19],"8":[0,19],"9":[19,1],"10":[20,1,1]},"meta":{"lastBranch":11,"lastFunction":4,"lastStatement":44,"seen":{"s:7:6:65:Infinity":0,"f:7:6:7:16":0,"s:7:16:7:Infinity":1,"b:7:16:9:68:9:67:9:68":0,"s:7:16:9:68":2,"s:9:65:9:68":3,"s:9:67:9:68":4,"s:9:4:9:67":5,"b:9:68:10:57:10:56:10:57":1,"s:9:68:10:57":6,"s:10:54:10:57":7,"s:10:56:10:57":8,"s:10:4:10:56":9,"b:10:57:12:55:12:54:12:55":2,"s:10:57:12:55":10,"s:12:52:12:55":11,"s:12:54:12:55":12,"s:12:4:12:54":13,"b:12:55:35:Infinity:35:7:35:Infinity":3,"s:12:55:35:Infinity":14,"s:16:32:33:Infinity":15,"f:16:32:16:Infinity":1,"s:22:12:22:Infinity":16,"b:24:12:25:Infinity:undefined:undefined:undefined:undefined":4,"s:24:12:25:Infinity":17,"s:25:14:25:Infinity":18,"s:25:51:25:Infinity":19,"s:29:25:29:51":20,"s:30:12:30:Infinity":21,"s:33:12:33:Infinity":22,"s:35:7:35:Infinity":23,"s:16:32:16:Infinity":24,"b:35:7:62:Infinity:62:7:62:Infinity":5,"s:35:7:62:Infinity":25,"s:38:27:59:Infinity":26,"f:38:27:38:33":2,"s:38:33:38:Infinity":27,"b:38:33:38:Infinity:38:33:38:Infinity":6,"s:40:10:40:Infinity":28,"b:43:10:43:Infinity:undefined:undefined:undefined:undefined":7,"s:43:10:43:Infinity":29,"s:43:30:43:Infinity":30,"b:46:10:46:Infinity:undefined:undefined:undefined:undefined":8,"s:46:10:46:Infinity":31,"s:46:42:46:Infinity":32,"s:50:10:50:Infinity":33,"f:50:10:50:27":3,"s:50:35:50:62":34,"s:52:23:52:50":35,"s:54:10:54:Infinity":36,"s:59:12:59:Infinity":37,"s:62:7:62:Infinity":38,"s:38:27:38:33":39,"b:62:7:70:Infinity:70:3:70:Infinity":9,"s:62:7:70:Infinity":40,"b:62:7:62:Infinity:62:7:62:Infinity:62:7:62:Infinity":10,"s:65:9:70:Infinity":41,"s:70:3:70:Infinity":42,"s:70:3:65:Infinity":43},"fnNames":{}}}
,"C:\\proyectos\\Curso-Udemy-React-cero-experto\\03-gifs-app\\src\\shared\\components\\CustomHeader.tsx": {"path":"C:\\proyectos\\Curso-Udemy-React-cero-experto\\03-gifs-app\\src\\shared\\components\\CustomHeader.tsx","statementMap":{"0":{"start":{"line":7,"column":6},"end":{"line":9,"column":null}},"1":{"start":{"line":7,"column":21},"end":{"line":7,"column":22}},"2":{"start":{"line":7,"column":22},"end":{"line":7,"column":60}},"3":{"start":{"line":7,"column":60},"end":{"line":13,"column":null}},"4":{"start":{"line":13,"column":14},"end":{"line":13,"column":null}},"5":{"start":{"line":13,"column":30},"end":{"line":13,"column":null}},"6":{"start":{"line":13,"column":30},"end":{"line":14,"column":null}},"7":{"start":{"line":14,"column":16},"end":{"line":14,"column":null}},"8":{"start":{"line":14,"column":51},"end":{"line":14,"column":null}},"9":{"start":{"line":14,"column":51},"end":{"line":16,"column":null}},"10":{"start":{"line":9,"column":4},"end":{"line":16,"column":null}},"11":{"start":{"line":16,"column":7},"end":{"line":16,"column":null}},"12":{"start":{"line":16,"column":7},"end":{"line":9,"column":null}}},"fnMap":{"0":{"name":"(anonymous_0)","decl":{"start":{"line":7,"column":6},"end":{"line":7,"column":21}},"loc":{"start":{"line":7,"column":21},"end":{"line":9,"column":null}},"line":7}},"branchMap":{"0":{"loc":{"start":{"line":7,"column":60},"end":{"line":13,"column":null}},"type":"if","locations":[{"start":{"line":7,"column":60},"end":{"line":13,"column":null}},{"start":{"line":13,"column":30},"end":{"line":13,"column":null}}],"line":7},"1":{"loc":{"start":{"line":13,"column":30},"end":{"line":14,"column":null}},"type":"if","locations":[{"start":{"line":13,"column":30},"end":{"line":14,"column":null}},{"start":{"line":14,"column":51},"end":{"line":14,"column":null}}],"line":13},"2":{"loc":{"start":{"line":14,"column":16},"end":{"line":14,"column":null}},"type":"binary-expr","locations":[{"start":{"line":14,"column":16},"end":{"line":14,"column":31}},{"start":{"line":14,"column":31},"end":{"line":14,"column":null}}],"line":14},"3":{"loc":{"start":{"line":14,"column":51},"end":{"line":16,"column":null}},"type":"if","locations":[{"start":{"line":14,"column":51},"end":{"line":16,"column":null}},{"start":{"line":16,"column":7},"end":{"line":16,"column":null}}],"line":14},"4":{"loc":{"start":{"line":14,"column":51},"end":{"line":14,"column":null}},"type":"binary-expr","locations":[{"start":{"line":14,"column":51},"end":{"line":14,"column":null}},{"start":{"line":14,"column":51},"end":{"line":14,"column":null}}],"line":14}},"s":{"0":1,"1":3,"2":3,"3":3,"4":3,"5":0,"6":3,"7":3,"8":0,"9":3,"10":3,"11":0,"12":3},"f":{"0":3},"b":{"0":[3,0],"1":[3,0],"2":[3,1],"3":[3,0],"4":[3,0]},"meta":{"lastBranch":5,"lastFunction":1,"lastStatement":13,"seen":{"s:7:6:9:Infinity":0,"f:7:6:7:21":0,"s:7:21:7:22":1,"s:7:22:7:60":2,"b:7:60:13:Infinity:13:30:13:Infinity":0,"s:7:60:13:Infinity":3,"s:13:14:13:Infinity":4,"s:13:30:13:Infinity":5,"b:13:30:14:Infinity:14:51:14:Infinity":1,"s:13:30:14:Infinity":6,"s:14:16:14:Infinity":7,"b:14:16:14:31:14:31:14:Infinity":2,"s:14:51:14:Infinity":8,"b:14:51:16:Infinity:16:7:16:Infinity":3,"s:14:51:16:Infinity":9,"b:14:51:14:Infinity:14:51:14:Infinity":4,"s:9:4:16:Infinity":10,"s:16:7:16:Infinity":11,"s:16:7:9:Infinity":12},"fnNames":{}}}
,"C:\\proyectos\\Curso-Udemy-React-cero-experto\\03-gifs-app\\src\\shared\\components\\SearchBar.tsx": {"path":"C:\\proyectos\\Curso-Udemy-React-cero-experto\\03-gifs-app\\src\\shared\\components\\SearchBar.tsx","statementMap":{"0":{"start":{"line":8,"column":6},"end":{"line":42,"column":null}},"1":{"start":{"line":8,"column":18},"end":{"line":8,"column":19}},"2":{"start":{"line":8,"column":19},"end":{"line":8,"column":20}},"3":{"start":{"line":8,"column":20},"end":{"line":8,"column":null}},"4":{"start":{"line":12,"column":2},"end":{"line":12,"column":39}},"5":{"start":{"line":12,"column":39},"end":{"line":25,"column":21}},"6":{"start":{"line":15,"column":13},"end":{"line":22,"column":null}},"7":{"start":{"line":17,"column":21},"end":{"line":19,"column":10}},"8":{"start":{"line":18,"column":6},"end":{"line":18,"column":null}},"9":{"start":{"line":19,"column":10},"end":{"line":22,"column":null}},"10":{"start":{"line":22,"column":6},"end":{"line":22,"column":null}},"11":{"start":{"line":25,"column":4},"end":{"line":25,"column":21}},"12":{"start":{"line":25,"column":20},"end":{"line":25,"column":21}},"13":{"start":{"line":15,"column":2},"end":{"line":25,"column":null}},"14":{"start":{"line":25,"column":21},"end":{"line":34,"column":null}},"15":{"start":{"line":28,"column":23},"end":{"line":33,"column":null}},"16":{"start":{"line":30,"column":6},"end":{"line":30,"column":null}},"17":{"start":{"line":33,"column":6},"end":{"line":33,"column":null}},"18":{"start":{"line":34,"column":3},"end":{"line":34,"column":null}},"19":{"start":{"line":28,"column":23},"end":{"line":28,"column":null}},"20":{"start":{"line":34,"column":3},"end":{"line":39,"column":null}},"21":{"start":{"line":35,"column":24},"end":{"line":37,"column":null}},"22":{"start":{"line":36,"column":6},"end":{"line":37,"column":null}},"23":{"start":{"line":37,"column":8},"end":{"line":37,"column":null}},"24":{"start":{"line":39,"column":3},"end":{"line":39,"column":null}},"25":{"start":{"line":35,"column":24},"end":{"line":35,"column":null}},"26":{"start":{"line":39,"column":3},"end":{"line":50,"column":null}},"27":{"start":{"line":50,"column":24},"end":{"line":50,"column":null}},"28":{"start":{"line":50,"column":29},"end":{"line":50,"column":53}},"29":{"start":{"line":50,"column":53},"end":{"line":50,"column":null}},"30":{"start":{"line":50,"column":53},"end":{"line":52,"column":null}},"31":{"start":{"line":46,"column":12},"end":{"line":52,"column":null}},"32":{"start":{"line":52,"column":14},"end":{"line":52,"column":null}},"33":{"start":{"line":52,"column":14},"end":{"line":53,"column":null}},"34":{"start":{"line":53,"column":12},"end":{"line":53,"column":null}},"35":{"start":{"line":53,"column":58},"end":{"line":53,"column":null}},"36":{"start":{"line":53,"column":58},"end":{"line":56,"column":null}},"37":{"start":{"line":42,"column":4},"end":{"line":56,"column":null}},"38":{"start":{"line":56,"column":7},"end":{"line":56,"column":null}},"39":{"start":{"line":56,"column":7},"end":{"line":42,"column":null}}},"fnMap":{"0":{"name":"(anonymous_0)","decl":{"start":{"line":8,"column":6},"end":{"line":8,"column":18}},"loc":{"start":{"line":8,"column":18},"end":{"line":42,"column":null}},"line":8},"1":{"name":"(anonymous_1)","decl":{"start":{"line":15,"column":13},"end":{"line":15,"column":null}},"loc":{"start":{"line":15,"column":13},"end":{"line":22,"column":null}},"line":15},"2":{"name":"(anonymous_2)","decl":{"start":{"line":17,"column":21},"end":{"line":17,"column":32}},"loc":{"start":{"line":17,"column":32},"end":{"line":19,"column":10}},"line":17},"3":{"name":"(anonymous_3)","decl":{"start":{"line":19,"column":10},"end":{"line":19,"column":null}},"loc":{"start":{"line":21,"column":11},"end":{"line":22,"column":null}},"line":21},"4":{"name":"(anonymous_4)","decl":{"start":{"line":28,"column":23},"end":{"line":28,"column":null}},"loc":{"start":{"line":28,"column":23},"end":{"line":33,"column":null}},"line":28},"5":{"name":"(anonymous_5)","decl":{"start":{"line":35,"column":24},"end":{"line":35,"column":null}},"loc":{"start":{"line":35,"column":24},"end":{"line":37,"column":null}},"line":35},"6":{"name":"(anonymous_6)","decl":{"start":{"line":50,"column":24},"end":{"line":50,"column":29}},"loc":{"start":{"line":50,"column":29},"end":{"line":50,"column":53}},"line":50}},"branchMap":{"0":{"loc":{"start":{"line":8,"column":20},"end":{"line":8,"column":null}},"type":"cond-expr","locations":[{"start":{"line":8,"column":20},"end":{"line":8,"column":null}},{"start":{"line":8,"column":20},"end":{"line":8,"column":null}}],"line":8},"1":{"loc":{"start":{"line":12,"column":39},"end":{"line":25,"column":21}},"type":"if","locations":[{"start":{"line":12,"column":39},"end":{"line":25,"column":21}},{"start":{"line":25,"column":20},"end":{"line":25,"column":21}}],"line":12},"2":{"loc":{"start":{"line":12,"column":39},"end":{"line":12,"column":null}},"type":"binary-expr","locations":[{"start":{"line":12,"column":39},"end":{"line":12,"column":null}},{"start":{"line":12,"column":39},"end":{"line":12,"column":null}}],"line":12},"3":{"loc":{"start":{"line":25,"column":21},"end":{"line":34,"column":null}},"type":"if","locations":[{"start":{"line":25,"column":21},"end":{"line":34,"column":null}},{"start":{"line":34,"column":3},"end":{"line":34,"column":null}}],"line":25},"4":{"loc":{"start":{"line":25,"column":21},"end":{"line":25,"column":null}},"type":"binary-expr","locations":[{"start":{"line":25,"column":21},"end":{"line":25,"column":null}},{"start":{"line":25,"column":21},"end":{"line":25,"column":null}}],"line":25},"5":{"loc":{"start":{"line":34,"column":3},"end":{"line":39,"column":null}},"type":"if","locations":[{"start":{"line":34,"column":3},"end":{"line":39,"column":null}},{"start":{"line":39,"column":3},"end":{"line":39,"column":null}}],"line":34},"6":{"loc":{"start":{"line":36,"column":6},"end":{"line":37,"column":null}},"type":"if","locations":[{"start":{"line":36,"column":6},"end":{"line":37,"column":null}},{"start":{},"end":{}}],"line":36},"7":{"loc":{"start":{"line":39,"column":3},"end":{"line":50,"column":null}},"type":"if","locations":[{"start":{"line":39,"column":3},"end":{"line":50,"column":null}},{"start":{"line":50,"column":53},"end":{"line":50,"column":null}}],"line":39},"8":{"loc":{"start":{"line":50,"column":53},"end":{"line":52,"column":null}},"type":"if","locations":[{"start":{"line":50,"column":53},"end":{"line":52,"column":null}},{"start":{"line":52,"column":14},"end":{"line":52,"column":null}}],"line":50},"9":{"loc":{"start":{"line":50,"column":53},"end":{"line":50,"column":null}},"type":"binary-expr","locations":[{"start":{"line":50,"column":53},"end":{"line":50,"column":null}},{"start":{"line":50,"column":53},"end":{"line":50,"column":null}},{"start":{"line":50,"column":53},"end":{"line":50,"column":null}}],"line":50},"10":{"loc":{"start":{"line":52,"column":14},"end":{"line":53,"column":null}},"type":"if","locations":[{"start":{"line":52,"column":14},"end":{"line":53,"column":null}},{"start":{"line":53,"column":58},"end":{"line":53,"column":null}}],"line":52},"11":{"loc":{"start":{"line":53,"column":58},"end":{"line":56,"column":null}},"type":"if","locations":[{"start":{"line":53,"column":58},"end":{"line":56,"column":null}},{"start":{"line":56,"column":7},"end":{"line":56,"column":null}}],"line":53},"12":{"loc":{"start":{"line":53,"column":58},"end":{"line":53,"column":null}},"type":"binary-expr","locations":[{"start":{"line":53,"column":58},"end":{"line":53,"column":null}},{"start":{"line":53,"column":58},"end":{"line":53,"column":null}}],"line":53}},"s":{"0":1,"1":11,"2":11,"3":11,"4":11,"5":11,"6":11,"7":11,"8":2,"9":11,"10":11,"11":11,"12":0,"13":11,"14":11,"15":11,"16":1,"17":1,"18":0,"19":11,"20":11,"21":11,"22":0,"23":0,"24":0,"25":11,"26":11,"27":5,"28":5,"29":6,"30":11,"31":11,"32":0,"33":11,"34":11,"35":0,"36":11,"37":11,"38":0,"39":11},"f":{"0":11,"1":11,"2":2,"3":11,"4":1,"5":0,"6":5},"b":{"0":[10,1],"1":[11,0],"2":[11,6],"3":[11,0],"4":[11,6],"5":[11,0],"6":[0,0],"7":[5,6],"8":[11,0],"9":[11,0,0],"10":[11,0],"11":[11,0],"12":[11,0]},"meta":{"lastBranch":13,"lastFunction":7,"lastStatement":40,"seen":{"s:8:6:42:Infinity":0,"f:8:6:8:18":0,"s:8:18:8:19":1,"s:8:19:8:20":2,"s:8:20:8:Infinity":3,"b:8:20:8:Infinity:8:20:8:Infinity":0,"s:12:2:12:39":4,"b:12:39:25:21:25:20:25:21":1,"s:12:39:25:21":5,"b:12:39:12:Infinity:12:39:12:Infinity":2,"s:15:13:22:Infinity":6,"f:15:13:15:Infinity":1,"s:17:21:19:10":7,"f:17:21:17:32":2,"s:18:6:18:Infinity":8,"s:19:10:22:Infinity":9,"f:19:10:19:Infinity":3,"s:22:6:22:Infinity":10,"s:25:4:25:21":11,"s:25:20:25:21":12,"s:15:2:25:Infinity":13,"b:25:21:34:Infinity:34:3:34:Infinity":3,"s:25:21:34:Infinity":14,"b:25:21:25:Infinity:25:21:25:Infinity":4,"s:28:23:33:Infinity":15,"f:28:23:28:Infinity":4,"s:30:6:30:Infinity":16,"s:33:6:33:Infinity":17,"s:34:3:34:Infinity":18,"s:28:23:28:Infinity":19,"b:34:3:39:Infinity:39:3:39:Infinity":5,"s:34:3:39:Infinity":20,"s:35:24:37:Infinity":21,"f:35:24:35:Infinity":5,"b:36:6:37:Infinity:undefined:undefined:undefined:undefined":6,"s:36:6:37:Infinity":22,"s:37:8:37:Infinity":23,"s:39:3:39:Infinity":24,"s:35:24:35:Infinity":25,"b:39:3:50:Infinity:50:53:50:Infinity":7,"s:39:3:50:Infinity":26,"s:50:24:50:Infinity":27,"f:50:24:50:29":6,"s:50:29:50:53":28,"s:50:53:50:Infinity":29,"b:50:53:52:Infinity:52:14:52:Infinity":8,"s:50:53:52:Infinity":30,"b:50:53:50:Infinity:50:53:50:Infinity:50:53:50:Infinity":9,"s:46:12:52:Infinity":31,"s:52:14:52:Infinity":32,"b:52:14:53:Infinity:53:58:53:Infinity":10,"s:52:14:53:Infinity":33,"s:53:12:53:Infinity":34,"s:53:58:53:Infinity":35,"b:53:58:56:Infinity:56:7:56:Infinity":11,"s:53:58:56:Infinity":36,"b:53:58:53:Infinity:53:58:53:Infinity":12,"s:42:4:56:Infinity":37,"s:56:7:56:Infinity":38,"s:56:7:42:Infinity":39},"fnNames":{}}}
,"C:\\proyectos\\Curso-Udemy-React-cero-experto\\03-gifs-app\\tests\\mocks\\giphy.response.data.ts": {"path":"C:\\proyectos\\Curso-Udemy-React-cero-experto\\03-gifs-app\\tests\\mocks\\giphy.response.data.ts","statementMap":{"0":{"start":{"line":1,"column":39},"end":{"line":2080,"column":null}}},"fnMap":{},"branchMap":{},"s":{"0":1},"f":{},"b":{},"meta":{"lastBranch":0,"lastFunction":0,"lastStatement":1,"seen":{"s:1:39:2080:Infinity":0},"fnNames":{}}}
}
